Traceback (most recent call last):
  File "/home/user/webapp/app.py", line 2257, in <module>
    init_db()
  File "/home/user/webapp/app.py", line 1591, in init_db
    db.create_all()
  File "/usr/local/lib/python3.12/site-packages/flask_sqlalchemy/extension.py", line 900, in create_all
    self._call_for_binds(bind_key, "create_all")
  File "/usr/local/lib/python3.12/site-packages/flask_sqlalchemy/extension.py", line 881, in _call_for_binds
    getattr(metadata, op_name)(bind=engine)
  File "/usr/local/lib/python3.12/site-packages/sqlalchemy/sql/schema.py", line 5928, in create_all
    bind._run_ddl_visitor(
  File "/usr/local/lib/python3.12/site-packages/sqlalchemy/engine/base.py", line 3260, in _run_ddl_visitor
    conn._run_ddl_visitor(visitorcallable, element, **kwargs)
  File "/usr/local/lib/python3.12/site-packages/sqlalchemy/engine/base.py", line 2467, in _run_ddl_visitor
    ).traverse_single(element)
      ^^^^^^^^^^^^^^^^^^^^^^^^
  File "/usr/local/lib/python3.12/site-packages/sqlalchemy/sql/visitors.py", line 661, in traverse_single
    return meth(obj, **kw)
           ^^^^^^^^^^^^^^^
  File "/usr/local/lib/python3.12/site-packages/sqlalchemy/sql/ddl.py", line 962, in visit_metadata
    collection = sort_tables_and_constraints(
                 ^^^^^^^^^^^^^^^^^^^^^^^^^^^^
  File "/usr/local/lib/python3.12/site-packages/sqlalchemy/sql/ddl.py", line 1394, in sort_tables_and_constraints
    dependent_on = fkc.referred_table
                   ^^^^^^^^^^^^^^^^^^
  File "/usr/local/lib/python3.12/site-packages/sqlalchemy/sql/schema.py", line 4799, in referred_table
    return self.elements[0].column.table
           ^^^^^^^^^^^^^^^^^^^^^^^
  File "/usr/local/lib/python3.12/site-packages/sqlalchemy/util/langhelpers.py", line 1226, in __get__
    obj.__dict__[self.__name__] = result = self.fget(obj)
                                           ^^^^^^^^^^^^^^
  File "/usr/local/lib/python3.12/site-packages/sqlalchemy/sql/schema.py", line 3199, in column
    return self._resolve_column()
           ^^^^^^^^^^^^^^^^^^^^^^
  File "/usr/local/lib/python3.12/site-packages/sqlalchemy/sql/schema.py", line 3222, in _resolve_column
    raise exc.NoReferencedTableError(
sqlalchemy.exc.NoReferencedTableError: Foreign key associated with column 'community_posts.author_id' could not find table 'users' with which to generate a foreign key to target column 'id'
